<?xml version="1.0" encoding="UTF-8"?>
<!-- Generated by org.testng.reporters.JUnitReportReporter -->
<testsuite hostname="Harshil-PC" name="com.nevelex.api.task2.APITestingTask2_NG" tests="3" failures="0" timestamp="19 Mar 2018 19:51:49 GMT" time="1.734" errors="0">
  <testcase name="testwith404Scenario" time="1.030" classname="com.nevelex.api.task2.APITestingTask2_NG"/>
  <testcase name="testwithSucessScenario" time="0.371" classname="com.nevelex.api.task2.APITestingTask2_NG"/>
  <testcase name="testwith500Scenario" time="0.333" classname="com.nevelex.api.task2.APITestingTask2_NG"/>
</testsuite> <!-- com.nevelex.api.task2.APITestingTask2_NG -->
