<?xml version="1.0" encoding="UTF-8"?>
<!-- Generated by org.testng.reporters.JUnitReportReporter -->
<testsuite hostname="Harshil-PC" name="com.nevelex.api.task2.APITestingTask2_POST_NG" tests="1" failures="0" timestamp="19 Mar 2018 21:32:13 GMT" time="1.033" errors="0">
  <testcase name="testwithValidData" time="1.033" classname="com.nevelex.api.task2.APITestingTask2_POST_NG"/>
</testsuite> <!-- com.nevelex.api.task2.APITestingTask2_POST_NG -->
