<?xml version="1.0" encoding="UTF-8"?>
<!-- Generated by org.testng.reporters.JUnitReportReporter -->
<testsuite hostname="Harshil-PC" name="com.nevelex.api.task2.APITestingTask2_GET_NG" tests="3" failures="0" timestamp="20 Mar 2018 06:08:23 GMT" time="2.006" errors="0">
  <testcase name="testwithSucessScenario" time="1.341" classname="com.nevelex.api.task2.APITestingTask2_GET_NG"/>
  <testcase name="testwith404Scenario" time="0.331" classname="com.nevelex.api.task2.APITestingTask2_GET_NG"/>
  <testcase name="testwith500Scenario" time="0.334" classname="com.nevelex.api.task2.APITestingTask2_GET_NG"/>
</testsuite> <!-- com.nevelex.api.task2.APITestingTask2_GET_NG -->
