<?xml version="1.0" encoding="UTF-8"?>
<!-- Generated by org.testng.reporters.JUnitReportReporter -->
<testsuite hostname="Harshil-PC" name="com.nevelex.task1.APITestingTaks1_POST_NG" tests="1" failures="0" timestamp="20 Mar 2018 03:28:16 GMT" time="0.013" errors="0">
  <testcase name="f" time="0.013" classname="com.nevelex.task1.APITestingTaks1_POST_NG"/>
</testsuite> <!-- com.nevelex.task1.APITestingTaks1_POST_NG -->
